<?xml version="1.0" encoding="UTF-8"?>
<!-- Generated by org.testng.reporters.JUnitReportReporter -->
<testsuite hostname="linh-truong-pc" failures="0" tests="18" name="com.nopcommerce.account.Level_07_Page_Generator_Manager_3" time="45.682" errors="0" timestamp="23 Aug 2023 05:22:27 GMT" skipped="0">
  <testcase classname="com.nopcommerce.account.Level_07_Page_Generator_Manager_3" name="User_05_Register_Success" time="2.124"/>
  <testcase classname="com.nopcommerce.account.Level_07_Page_Generator_Manager_3" name="User_02_Register_Invalid_Email" time="1.735"/>
  <testcase classname="com.nopcommerce.account.Level_07_Page_Generator_Manager_3" name="User_02_Register_Invalid_Email" time="2.689"/>
  <testcase classname="com.nopcommerce.account.Level_07_Page_Generator_Manager_3" name="User_06_Login_Success" time="2.773"/>
  <testcase classname="com.nopcommerce.account.Level_07_Page_Generator_Manager_3" name="User_03_Register_Invalid_Password" time="2.129"/>
  <testcase classname="com.nopcommerce.account.Level_07_Page_Generator_Manager_3" name="User_04_Register_Inccorect_Confirm_Password" time="2.029"/>
  <testcase classname="com.nopcommerce.account.Level_07_Page_Generator_Manager_3" name="User_03_Register_Invalid_Password" time="3.147"/>
  <testcase classname="com.nopcommerce.account.Level_07_Page_Generator_Manager_3" name="User_05_Register_Success" time="3.975"/>
  <testcase classname="com.nopcommerce.account.Level_07_Page_Generator_Manager_3" name="User_06_Login_Success" time="3.962"/>
  <testcase classname="com.nopcommerce.account.Level_07_Page_Generator_Manager_3" name="User_01_Register_Empty_Data" time="1.896"/>
  <testcase classname="com.nopcommerce.account.Level_07_Page_Generator_Manager_3" name="User_06_Login_Success" time="2.533"/>
  <testcase classname="com.nopcommerce.account.Level_07_Page_Generator_Manager_3" name="User_04_Register_Inccorect_Confirm_Password" time="1.686"/>
  <testcase classname="com.nopcommerce.account.Level_07_Page_Generator_Manager_3" name="User_05_Register_Success" time="2.507"/>
  <testcase classname="com.nopcommerce.account.Level_07_Page_Generator_Manager_3" name="User_02_Register_Invalid_Email" time="2.876"/>
  <testcase classname="com.nopcommerce.account.Level_07_Page_Generator_Manager_3" name="User_01_Register_Empty_Data" time="2.410"/>
  <testcase classname="com.nopcommerce.account.Level_07_Page_Generator_Manager_3" name="User_01_Register_Empty_Data" time="2.146"/>
  <testcase classname="com.nopcommerce.account.Level_07_Page_Generator_Manager_3" name="User_03_Register_Invalid_Password" time="2.106"/>
  <testcase classname="com.nopcommerce.account.Level_07_Page_Generator_Manager_3" name="User_04_Register_Inccorect_Confirm_Password" time="2.959"/>
</testsuite> <!-- com.nopcommerce.account.Level_07_Page_Generator_Manager_3 -->
