<?xml version="1.0" encoding="UTF-8"?>
<!-- Generated by org.testng.reporters.JUnitReportReporter -->
<testsuite hostname="linh-truong-pc" failures="0" tests="9" name="com.nopcommerce.account.Level_08_Switch_Page" time="29.334" errors="0" timestamp="27 Aug 2023 13:14:53 GMT" skipped="0">
  <testcase classname="com.nopcommerce.account.Level_08_Switch_Page" name="User_01_Register_Success" time="3.377"/>
  <testcase classname="com.nopcommerce.account.Level_08_Switch_Page" name="User_02_Login_Success" time="2.667"/>
  <testcase classname="com.nopcommerce.account.Level_08_Switch_Page" name="User_03_Switch_Page" time="3.331"/>
  <testcase classname="com.nopcommerce.account.Level_08_Switch_Page" name="User_01_Register_Success" time="2.839"/>
  <testcase classname="com.nopcommerce.account.Level_08_Switch_Page" name="User_03_Switch_Page" time="3.667"/>
  <testcase classname="com.nopcommerce.account.Level_08_Switch_Page" name="User_02_Login_Success" time="2.848"/>
  <testcase classname="com.nopcommerce.account.Level_08_Switch_Page" name="User_03_Switch_Page" time="3.665"/>
  <testcase classname="com.nopcommerce.account.Level_08_Switch_Page" name="User_02_Login_Success" time="2.514"/>
  <testcase classname="com.nopcommerce.account.Level_08_Switch_Page" name="User_01_Register_Success" time="4.426"/>
</testsuite> <!-- com.nopcommerce.account.Level_08_Switch_Page -->
