<?xml version="1.0" encoding="UTF-8"?>
<!-- Generated by org.testng.reporters.JUnitReportReporter -->
<testsuite hostname="linh-truong-pc" failures="0" tests="6" name="com.nopcommerce.account.Level_07_Page_Generator_Manager_2" time="18.703" errors="0" timestamp="23 Aug 2023 05:15:52 GMT" skipped="0">
  <testcase classname="com.nopcommerce.account.Level_07_Page_Generator_Manager_2" name="User_04_Register_Inccorect_Confirm_Password" time="3.102"/>
  <testcase classname="com.nopcommerce.account.Level_07_Page_Generator_Manager_2" name="User_01_Register_Empty_Data" time="3.595"/>
  <testcase classname="com.nopcommerce.account.Level_07_Page_Generator_Manager_2" name="User_05_Register_Success" time="2.978"/>
  <testcase classname="com.nopcommerce.account.Level_07_Page_Generator_Manager_2" name="User_02_Register_Invalid_Email" time="2.872"/>
  <testcase classname="com.nopcommerce.account.Level_07_Page_Generator_Manager_2" name="User_06_Login_Success" time="3.439"/>
  <testcase classname="com.nopcommerce.account.Level_07_Page_Generator_Manager_2" name="User_03_Register_Invalid_Password" time="2.717"/>
</testsuite> <!-- com.nopcommerce.account.Level_07_Page_Generator_Manager_2 -->
