<?xml version="1.0" encoding="UTF-8"?>
<!-- Generated by org.testng.reporters.JUnitReportReporter -->
<testsuite hostname="linh-truong-pc" failures="0" tests="6" name="com.nopcommerce.account.Level_03_BasePage_3_PageObject" time="11.526" errors="0" timestamp="16 Aug 2023 18:42:29 GMT" skipped="0">
  <testcase classname="com.nopcommerce.account.Level_03_BasePage_3_PageObject" name="User_01_Register_Empty_Data" time="1.616"/>
  <testcase classname="com.nopcommerce.account.Level_03_BasePage_3_PageObject" name="User_06_Login_Success" time="2.132"/>
  <testcase classname="com.nopcommerce.account.Level_03_BasePage_3_PageObject" name="User_02_Register_Invalid_Email" time="1.611"/>
  <testcase classname="com.nopcommerce.account.Level_03_BasePage_3_PageObject" name="User_03_Register_Invalid_Password" time="2.049"/>
  <testcase classname="com.nopcommerce.account.Level_03_BasePage_3_PageObject" name="User_05_Register_Success" time="1.787"/>
  <testcase classname="com.nopcommerce.account.Level_03_BasePage_3_PageObject" name="User_04_Register_Inccorect_Confirm_Password" time="2.331"/>
</testsuite> <!-- com.nopcommerce.account.Level_03_BasePage_3_PageObject -->
