<?xml version="1.0" encoding="UTF-8"?>
<!-- Generated by org.testng.reporters.JUnitReportReporter -->
<testsuite hostname="linh-truong-pc" failures="0" tests="18" name="com.nopcommerce.account.Level_07_Page_Generator_Manager2" time="36.530" errors="0" timestamp="23 Aug 2023 04:46:29 GMT" skipped="0">
  <testcase classname="com.nopcommerce.account.Level_07_Page_Generator_Manager2" name="User_03_Register_Invalid_Password" time="1.815"/>
  <testcase classname="com.nopcommerce.account.Level_07_Page_Generator_Manager2" name="User_04_Register_Inccorect_Confirm_Password" time="2.278"/>
  <testcase classname="com.nopcommerce.account.Level_07_Page_Generator_Manager2" name="User_02_Register_Invalid_Email" time="1.870"/>
  <testcase classname="com.nopcommerce.account.Level_07_Page_Generator_Manager2" name="User_05_Register_Success" time="2.582"/>
  <testcase classname="com.nopcommerce.account.Level_07_Page_Generator_Manager2" name="User_01_Register_Empty_Data" time="1.843"/>
  <testcase classname="com.nopcommerce.account.Level_07_Page_Generator_Manager2" name="User_05_Register_Success" time="2.416"/>
  <testcase classname="com.nopcommerce.account.Level_07_Page_Generator_Manager2" name="User_01_Register_Empty_Data" time="1.215"/>
  <testcase classname="com.nopcommerce.account.Level_07_Page_Generator_Manager2" name="User_01_Register_Empty_Data" time="1.101"/>
  <testcase classname="com.nopcommerce.account.Level_07_Page_Generator_Manager2" name="User_03_Register_Invalid_Password" time="2.547"/>
  <testcase classname="com.nopcommerce.account.Level_07_Page_Generator_Manager2" name="User_04_Register_Inccorect_Confirm_Password" time="2.082"/>
  <testcase classname="com.nopcommerce.account.Level_07_Page_Generator_Manager2" name="User_06_Login_Success" time="2.702"/>
  <testcase classname="com.nopcommerce.account.Level_07_Page_Generator_Manager2" name="User_06_Login_Success" time="2.973"/>
  <testcase classname="com.nopcommerce.account.Level_07_Page_Generator_Manager2" name="User_02_Register_Invalid_Email" time="1.994"/>
  <testcase classname="com.nopcommerce.account.Level_07_Page_Generator_Manager2" name="User_05_Register_Success" time="2.067"/>
  <testcase classname="com.nopcommerce.account.Level_07_Page_Generator_Manager2" name="User_06_Login_Success" time="2.401"/>
  <testcase classname="com.nopcommerce.account.Level_07_Page_Generator_Manager2" name="User_04_Register_Inccorect_Confirm_Password" time="1.554"/>
  <testcase classname="com.nopcommerce.account.Level_07_Page_Generator_Manager2" name="User_03_Register_Invalid_Password" time="1.692"/>
  <testcase classname="com.nopcommerce.account.Level_07_Page_Generator_Manager2" name="User_02_Register_Invalid_Email" time="1.398"/>
</testsuite> <!-- com.nopcommerce.account.Level_07_Page_Generator_Manager2 -->
