<?xml version="1.0" encoding="UTF-8"?>
<!-- Generated by org.testng.reporters.JUnitReportReporter -->
<testsuite hostname="linh-truong-pc" failures="0" tests="5" name="com.nopcommerce.account.Account_01_Register" time="11.233" errors="0" timestamp="09 Aug 2023 13:45:41 GMT" skipped="0">
  <testcase classname="com.nopcommerce.account.Account_01_Register" name="Register_02_Invalid_Email" time="1.950"/>
  <testcase classname="com.nopcommerce.account.Account_01_Register" name="Register_04_Inccorect_Confirm_Password" time="2.178"/>
  <testcase classname="com.nopcommerce.account.Account_01_Register" name="Register_03_Invalid_Password" time="2.115"/>
  <testcase classname="com.nopcommerce.account.Account_01_Register" name="Register_05_Success" time="2.355"/>
  <testcase classname="com.nopcommerce.account.Account_01_Register" name="Register_01_Empty_Data" time="2.635"/>
</testsuite> <!-- com.nopcommerce.account.Account_01_Register -->
