<?xml version="1.0" encoding="UTF-8"?>
<!-- Generated by org.testng.reporters.JUnitReportReporter -->
<testsuite hostname="linh-truong-pc" failures="0" tests="12" name="com.nopcommerce.account.Level_04_Multiple_Browser" time="25.997" errors="0" timestamp="20 Aug 2023 09:26:55 GMT" skipped="0">
  <testcase classname="com.nopcommerce.account.Level_04_Multiple_Browser" name="User_04_Register_Inccorect_Confirm_Password" time="1.775"/>
  <testcase classname="com.nopcommerce.account.Level_04_Multiple_Browser" name="User_03_Register_Invalid_Password" time="2.373"/>
  <testcase classname="com.nopcommerce.account.Level_04_Multiple_Browser" name="User_04_Register_Inccorect_Confirm_Password" time="1.706"/>
  <testcase classname="com.nopcommerce.account.Level_04_Multiple_Browser" name="User_05_Register_Success" time="2.172"/>
  <testcase classname="com.nopcommerce.account.Level_04_Multiple_Browser" name="User_06_Login_Success" time="2.522"/>
  <testcase classname="com.nopcommerce.account.Level_04_Multiple_Browser" name="User_02_Register_Invalid_Email" time="2.513"/>
  <testcase classname="com.nopcommerce.account.Level_04_Multiple_Browser" name="User_01_Register_Empty_Data" time="1.709"/>
  <testcase classname="com.nopcommerce.account.Level_04_Multiple_Browser" name="User_01_Register_Empty_Data" time="1.820"/>
  <testcase classname="com.nopcommerce.account.Level_04_Multiple_Browser" name="User_06_Login_Success" time="2.984"/>
  <testcase classname="com.nopcommerce.account.Level_04_Multiple_Browser" name="User_02_Register_Invalid_Email" time="2.113"/>
  <testcase classname="com.nopcommerce.account.Level_04_Multiple_Browser" name="User_05_Register_Success" time="2.385"/>
  <testcase classname="com.nopcommerce.account.Level_04_Multiple_Browser" name="User_03_Register_Invalid_Password" time="1.925"/>
</testsuite> <!-- com.nopcommerce.account.Level_04_Multiple_Browser -->
