<?xml version="1.0" encoding="UTF-8"?>
<!-- Generated by org.testng.reporters.JUnitReportReporter -->
<testsuite hostname="linh-truong-pc" failures="0" tests="5" name="com.nopcommerce.account.Level_02_BasePage_Init" time="37.851" errors="0" timestamp="14 Aug 2023 08:59:14 GMT" skipped="0">
  <testcase classname="com.nopcommerce.account.Level_02_BasePage_Init" name="Register_01_Empty_Data" time="10.413"/>
  <testcase classname="com.nopcommerce.account.Level_02_BasePage_Init" name="Register_03_Invalid_Password" time="6.751"/>
  <testcase classname="com.nopcommerce.account.Level_02_BasePage_Init" name="Register_04_Inccorect_Confirm_Password" time="6.818"/>
  <testcase classname="com.nopcommerce.account.Level_02_BasePage_Init" name="Register_02_Invalid_Email" time="5.564"/>
  <testcase classname="com.nopcommerce.account.Level_02_BasePage_Init" name="Register_05_Success" time="8.305"/>
</testsuite> <!-- com.nopcommerce.account.Level_02_BasePage_Init -->
