<?xml version="1.0" encoding="UTF-8"?>
<!-- Generated by org.testng.reporters.JUnitReportReporter -->
<testsuite hostname="linh-truong-pc" failures="0" tests="18" name="com.nopcommerce.account.Level_06_Selenium_Page_Factory" time="50.500" errors="0" timestamp="22 Aug 2023 13:46:27 GMT" skipped="0">
  <testcase classname="com.nopcommerce.account.Level_06_Selenium_Page_Factory" name="User_03_Register_Invalid_Password" time="2.865"/>
  <testcase classname="com.nopcommerce.account.Level_06_Selenium_Page_Factory" name="User_04_Register_Inccorect_Confirm_Password" time="2.523"/>
  <testcase classname="com.nopcommerce.account.Level_06_Selenium_Page_Factory" name="User_01_Register_Empty_Data" time="3.960"/>
  <testcase classname="com.nopcommerce.account.Level_06_Selenium_Page_Factory" name="User_04_Register_Inccorect_Confirm_Password" time="2.897"/>
  <testcase classname="com.nopcommerce.account.Level_06_Selenium_Page_Factory" name="User_01_Register_Empty_Data" time="3.210"/>
  <testcase classname="com.nopcommerce.account.Level_06_Selenium_Page_Factory" name="User_02_Register_Invalid_Email" time="4.199"/>
  <testcase classname="com.nopcommerce.account.Level_06_Selenium_Page_Factory" name="User_01_Register_Empty_Data" time="2.189"/>
  <testcase classname="com.nopcommerce.account.Level_06_Selenium_Page_Factory" name="User_02_Register_Invalid_Email" time="3.592"/>
  <testcase classname="com.nopcommerce.account.Level_06_Selenium_Page_Factory" name="User_02_Register_Invalid_Email" time="1.520"/>
  <testcase classname="com.nopcommerce.account.Level_06_Selenium_Page_Factory" name="User_03_Register_Invalid_Password" time="1.957"/>
  <testcase classname="com.nopcommerce.account.Level_06_Selenium_Page_Factory" name="User_06_Login_Success" time="2.942"/>
  <testcase classname="com.nopcommerce.account.Level_06_Selenium_Page_Factory" name="User_03_Register_Invalid_Password" time="2.495"/>
  <testcase classname="com.nopcommerce.account.Level_06_Selenium_Page_Factory" name="User_04_Register_Inccorect_Confirm_Password" time="1.920"/>
  <testcase classname="com.nopcommerce.account.Level_06_Selenium_Page_Factory" name="User_05_Register_Success" time="2.446"/>
  <testcase classname="com.nopcommerce.account.Level_06_Selenium_Page_Factory" name="User_05_Register_Success" time="2.471"/>
  <testcase classname="com.nopcommerce.account.Level_06_Selenium_Page_Factory" name="User_06_Login_Success" time="3.116"/>
  <testcase classname="com.nopcommerce.account.Level_06_Selenium_Page_Factory" name="User_06_Login_Success" time="2.721"/>
  <testcase classname="com.nopcommerce.account.Level_06_Selenium_Page_Factory" name="User_05_Register_Success" time="3.477"/>
</testsuite> <!-- com.nopcommerce.account.Level_06_Selenium_Page_Factory -->
